#
# There is insufficient memory for the Java Runtime Environment to continue.
# Native memory allocation (malloc) failed to allocate 32744 bytes for ChunkPool::allocate
# Possible reasons:
#   The system is out of physical RAM or swap space
#   In 32 bit mode, the process size limit was hit
# Possible solutions:
#   Reduce memory load on the system
#   Increase physical memory or swap space
#   Check if swap backing store is full
#   Use 64 bit Java on a 64 bit OS
#   Decrease Java heap size (-Xmx/-Xms)
#   Decrease number of Java threads
#   Decrease Java thread stack sizes (-Xss)
#   Set larger code cache with -XX:ReservedCodeCacheSize=
# This output file may be truncated or incomplete.
#
#  Out of Memory Error (allocation.cpp:273), pid=11644, tid=0x0000000000002e2c
#
# JRE version: Java(TM) SE Runtime Environment (8.0_101-b13) (build 1.8.0_101-b13)
# Java VM: Java HotSpot(TM) 64-Bit Server VM (25.101-b13 mixed mode windows-amd64 compressed oops)
# Failed to write core dump. Minidumps are not enabled by default on client versions of Windows
#

---------------  T H R E A D  ---------------

Current thread (0x00000000170a1800):  JavaThread "C2 CompilerThread0" daemon [_thread_in_native, id=11820, stack(0x0000000018720000,0x0000000018820000)]

Stack: [0x0000000018720000,0x0000000018820000]
[error occurred during error reporting (printing stack bounds), id 0xc0000005]

Native frames: (J=compiled Java code, j=interpreted, Vv=VM code, C=native code)


Current CompileTask:
C2:   6290 1629   !   4       java.net.URLClassLoader$1::run (63 bytes)


---------------  P R O C E S S  ---------------

Java Threads: ( => current thread )
  0x00000000170fe800 JavaThread "Service Thread" daemon [_thread_blocked, id=5292, stack(0x0000000018e20000,0x0000000018f20000)]
  0x00000000170ab800 JavaThread "C1 CompilerThread2" daemon [_thread_blocked, id=15920, stack(0x0000000018920000,0x0000000018a20000)]
  0x00000000170a4000 JavaThread "C2 CompilerThread1" daemon [_thread_in_native, id=5284, stack(0x0000000018820000,0x0000000018920000)]
=>0x00000000170a1800 JavaThread "C2 CompilerThread0" daemon [_thread_in_native, id=11820, stack(0x0000000018720000,0x0000000018820000)]
  0x000000001709f000 JavaThread "Attach Listener" daemon [_thread_blocked, id=13292, stack(0x0000000018620000,0x0000000018720000)]
  0x000000001709e000 JavaThread "Signal Dispatcher" daemon [_thread_blocked, id=2948, stack(0x0000000018520000,0x0000000018620000)]
  0x000000000254c800 JavaThread "Finalizer" daemon [_thread_blocked, id=16356, stack(0x0000000018310000,0x0000000018410000)]
  0x0000000002541800 JavaThread "Reference Handler" daemon [_thread_blocked, id=5084, stack(0x0000000018210000,0x0000000018310000)]
  0x0000000002452800 JavaThread "main" [_thread_in_Java, id=5668, stack(0x0000000002350000,0x0000000002450000)]

Other Threads:
  0x0000000017068800 VMThread [stack: 0x0000000018110000,0x0000000018210000] [id=1676]
  0x0000000018a6a800 WatcherThread [stack: 0x0000000018f20000,0x0000000019020000] [id=14392]

VM state:not at safepoint (normal execution)

VM Mutex/Monitor currently owned by a thread: None

Heap:
 PSYoungGen      total 38400K, used 21872K [0x00000000d5d80000, 0x00000000d8800000, 0x0000000100000000)
  eden space 33280K, 50% used [0x00000000d5d80000,0x00000000d6dde7d0,0x00000000d7e00000)
  from space 5120K, 99% used [0x00000000d8300000,0x00000000d87fda40,0x00000000d8800000)
  to   space 5120K, 0% used [0x00000000d7e00000,0x00000000d7e00000,0x00000000d8300000)
 ParOldGen       total 87552K, used 2581K [0x0000000081800000, 0x0000000086d80000, 0x00000000d5d80000)
  object space 87552K, 2% used [0x0000000081800000,0x0000000081a855c8,0x0000000086d80000)
 Metaspace       used 14763K, capacity 14966K, committed 15232K, reserved 1062912K
  class space    used 1816K, capacity 1907K, committed 1920K, reserved 1048576K

Card table byte_map: [0x0000000011910000,0x0000000011d10000] byte_map_base: 0x0000000011504000

Marking Bits: (ParMarkBitMap*) 0x000000006d87a6d0
 Begin Bits: [0x00000000123c0000, 0x0000000014360000)
 End Bits:   [0x0000000014360000, 0x0000000016300000)

Polling page: 0x00000000001f0000

CodeCache: size=245760Kb used=5862Kb max_used=5862Kb free=239897Kb
 bounds [0x0000000002550000, 0x0000000002b10000, 0x0000000011550000]
 total_blobs=2048 nmethods=1703 adapters=257
 compilation: enabled

Compilation events (10 events):
Event: 6.090 Thread 0x00000000170ab800 1699       1       org.eclipse.sisu.inject.LazyBeanEntry$JsrNamed::value (5 bytes)
Event: 6.090 Thread 0x00000000170ab800 nmethod 1699 0x0000000002b05490 code [0x0000000002b055e0, 0x0000000002b056f0]
Event: 6.142 Thread 0x00000000170ab800 1701       3       java.io.BufferedReader::readLine (6 bytes)
Event: 6.142 Thread 0x00000000170ab800 nmethod 1701 0x0000000002b05750 code [0x0000000002b058c0, 0x0000000002b05a68]
Event: 6.222 Thread 0x00000000170ab800 1702       3       org.codehaus.plexus.util.xml.Xpp3Dom::<init> (131 bytes)
Event: 6.223 Thread 0x00000000170ab800 nmethod 1702 0x0000000002b05b10 code [0x0000000002b05dc0, 0x0000000002b06e18]
Event: 6.223 Thread 0x00000000170ab800 1704       3       java.util.regex.Matcher::reset (83 bytes)
Event: 6.223 Thread 0x00000000170ab800 nmethod 1704 0x0000000002b07790 code [0x0000000002b07920, 0x0000000002b07dc8]
Event: 6.223 Thread 0x00000000170ab800 1703       3       java.util.regex.Pattern$Node::<init> (12 bytes)
Event: 6.223 Thread 0x00000000170ab800 nmethod 1703 0x0000000002b07f90 code [0x0000000002b08100, 0x0000000002b082d0]

GC Heap History (4 events):
Event: 2.654 GC heap before
{Heap before GC invocations=1 (full 0):
 PSYoungGen      total 38400K, used 33280K [0x00000000d5d80000, 0x00000000d8800000, 0x0000000100000000)
  eden space 33280K, 100% used [0x00000000d5d80000,0x00000000d7e00000,0x00000000d7e00000)
  from space 5120K, 0% used [0x00000000d8300000,0x00000000d8300000,0x00000000d8800000)
  to   space 5120K, 0% used [0x00000000d7e00000,0x00000000d7e00000,0x00000000d8300000)
 ParOldGen       total 87552K, used 0K [0x0000000081800000, 0x0000000086d80000, 0x00000000d5d80000)
  object space 87552K, 0% used [0x0000000081800000,0x0000000081800000,0x0000000086d80000)
 Metaspace       used 8219K, capacity 8424K, committed 8576K, reserved 1056768K
  class space    used 1013K, capacity 1084K, committed 1152K, reserved 1048576K
Event: 2.667 GC heap after
Heap after GC invocations=1 (full 0):
 PSYoungGen      total 38400K, used 5114K [0x00000000d5d80000, 0x00000000d8800000, 0x0000000100000000)
  eden space 33280K, 0% used [0x00000000d5d80000,0x00000000d5d80000,0x00000000d7e00000)
  from space 5120K, 99% used [0x00000000d7e00000,0x00000000d82fe938,0x00000000d8300000)
  to   space 5120K, 0% used [0x00000000d8300000,0x00000000d8300000,0x00000000d8800000)
 ParOldGen       total 87552K, used 129K [0x0000000081800000, 0x0000000086d80000, 0x00000000d5d80000)
  object space 87552K, 0% used [0x0000000081800000,0x0000000081820670,0x0000000086d80000)
 Metaspace       used 8219K, capacity 8424K, committed 8576K, reserved 1056768K
  class space    used 1013K, capacity 1084K, committed 1152K, reserved 1048576K
}
Event: 3.856 GC heap before
{Heap before GC invocations=2 (full 0):
 PSYoungGen      total 38400K, used 38394K [0x00000000d5d80000, 0x00000000d8800000, 0x0000000100000000)
  eden space 33280K, 100% used [0x00000000d5d80000,0x00000000d7e00000,0x00000000d7e00000)
  from space 5120K, 99% used [0x00000000d7e00000,0x00000000d82fe938,0x00000000d8300000)
  to   space 5120K, 0% used [0x00000000d8300000,0x00000000d8300000,0x00000000d8800000)
 ParOldGen       total 87552K, used 129K [0x0000000081800000, 0x0000000086d80000, 0x00000000d5d80000)
  object space 87552K, 0% used [0x0000000081800000,0x0000000081820670,0x0000000086d80000)
 Metaspace       used 12260K, capacity 12442K, committed 12672K, reserved 1060864K
  class space    used 1545K, capacity 1609K, committed 1664K, reserved 1048576K
Event: 3.867 GC heap after
Heap after GC invocations=2 (full 0):
 PSYoungGen      total 38400K, used 5110K [0x00000000d5d80000, 0x00000000d8800000, 0x0000000100000000)
  eden space 33280K, 0% used [0x00000000d5d80000,0x00000000d5d80000,0x00000000d7e00000)
  from space 5120K, 99% used [0x00000000d8300000,0x00000000d87fda40,0x00000000d8800000)
  to   space 5120K, 0% used [0x00000000d7e00000,0x00000000d7e00000,0x00000000d8300000)
 ParOldGen       total 87552K, used 2581K [0x0000000081800000, 0x0000000086d80000, 0x00000000d5d80000)
  object space 87552K, 2% used [0x0000000081800000,0x0000000081a855c8,0x0000000086d80000)
 Metaspace       used 12260K, capacity 12442K, committed 12672K, reserved 1060864K
  class space    used 1545K, capacity 1609K, committed 1664K, reserved 1048576K
}

Deoptimization events (10 events):
Event: 2.402 Thread 0x0000000002452800 Uncommon trap: reason=unstable_if action=reinterpret pc=0x000000000280c5ec method=sun.nio.cs.StreamDecoder.implRead([CII)I @ 197
Event: 2.745 Thread 0x0000000002452800 Uncommon trap: reason=unstable_if action=reinterpret pc=0x00000000027b837c method=java.util.HashMap.getNode(ILjava/lang/Object;)Ljava/util/HashMap$Node; @ 129
Event: 2.851 Thread 0x0000000002452800 Uncommon trap: reason=unstable_if action=reinterpret pc=0x0000000002808240 method=java.util.HashMap.getNode(ILjava/lang/Object;)Ljava/util/HashMap$Node; @ 129
Event: 3.882 Thread 0x0000000002452800 Uncommon trap: reason=unstable_if action=reinterpret pc=0x00000000028daffc method=java.util.concurrent.ConcurrentHashMap.putVal(Ljava/lang/Object;Ljava/lang/Object;Z)Ljava/lang/Object; @ 206
Event: 4.726 Thread 0x0000000002452800 Uncommon trap: reason=unstable_if action=reinterpret pc=0x000000000283c974 method=org.codehaus.plexus.util.xml.pull.MXParser.isS(C)Z @ 21
Event: 4.905 Thread 0x0000000002452800 Uncommon trap: reason=unstable_if action=reinterpret pc=0x00000000026ffbc4 method=java.lang.String.replace(CC)Ljava/lang/String; @ 2
Event: 5.257 Thread 0x0000000002452800 Uncommon trap: reason=unstable_if action=reinterpret pc=0x0000000002a9edc0 method=org.codehaus.plexus.util.xml.pull.MXParser.nextImpl()I @ 879
Event: 5.344 Thread 0x0000000002452800 Uncommon trap: reason=unstable_if action=reinterpret pc=0x00000000027d2250 method=sun.nio.cs.UTF_8$Decoder.decodeArrayLoop(Ljava/nio/ByteBuffer;Ljava/nio/CharBuffer;)Ljava/nio/charset/CoderResult; @ 84
Event: 6.088 Thread 0x0000000002452800 Uncommon trap: reason=unstable_if action=reinterpret pc=0x000000000290afbc method=java.util.HashMap.hash(Ljava/lang/Object;)I @ 1
Event: 6.088 Thread 0x0000000002452800 Uncommon trap: reason=unstable_if action=reinterpret pc=0x0000000002869f28 method=java.util.HashMap.hash(Ljava/lang/Object;)I @ 1

Internal exceptions (10 events):
Event: 3.954 Thread 0x0000000002452800 Exception <a 'java/lang/NoClassDefFoundError'> (0x00000000d5eed490) thrown at [C:\re\workspace\8-2-build-windows-amd64-cygwin\jdk8u101\7261\hotspot\src\share\vm\prims\jvm.cpp, line 1390]
Event: 3.955 Thread 0x0000000002452800 Exception <a 'java/lang/NoClassDefFoundError': javax/annotation/Priority> (0x00000000d5ef1c68) thrown at [C:\re\workspace\8-2-build-windows-amd64-cygwin\jdk8u101\7261\hotspot\src\share\vm\classfile\systemDictionary.cpp, line 199]
Event: 4.556 Thread 0x0000000002452800 Exception <a 'java/lang/NullPointerException'> (0x00000000d658f338) thrown at [C:\re\workspace\8-2-build-windows-amd64-cygwin\jdk8u101\7261\hotspot\src\share\vm\interpreter\linkResolver.cpp, line 1178]
Event: 4.556 Thread 0x0000000002452800 Exception <a 'java/lang/NullPointerException'> (0x00000000d658f550) thrown at [C:\re\workspace\8-2-build-windows-amd64-cygwin\jdk8u101\7261\hotspot\src\share\vm\interpreter\linkResolver.cpp, line 1178]
Event: 4.556 Thread 0x0000000002452800 Exception <a 'java/lang/NullPointerException'> (0x00000000d658f768) thrown at [C:\re\workspace\8-2-build-windows-amd64-cygwin\jdk8u101\7261\hotspot\src\share\vm\interpreter\linkResolver.cpp, line 1178]
Event: 4.558 Thread 0x0000000002452800 Exception <a 'java/lang/NullPointerException'> (0x00000000d65a5110) thrown at [C:\re\workspace\8-2-build-windows-amd64-cygwin\jdk8u101\7261\hotspot\src\share\vm\interpreter\linkResolver.cpp, line 1178]
Event: 4.558 Thread 0x0000000002452800 Exception <a 'java/lang/NullPointerException'> (0x00000000d65a5328) thrown at [C:\re\workspace\8-2-build-windows-amd64-cygwin\jdk8u101\7261\hotspot\src\share\vm\interpreter\linkResolver.cpp, line 1178]
Event: 4.558 Thread 0x0000000002452800 Exception <a 'java/lang/NullPointerException'> (0x00000000d65a5540) thrown at [C:\re\workspace\8-2-build-windows-amd64-cygwin\jdk8u101\7261\hotspot\src\share\vm\interpreter\linkResolver.cpp, line 1178]
Event: 6.088 Thread 0x0000000002452800 Implicit null exception at 0x000000000290add5 to 0x000000000290afad
Event: 6.088 Thread 0x0000000002452800 Implicit null exception at 0x0000000002869eaf to 0x0000000002869f19

Events (10 events):
Event: 6.085 loading class org/apache/maven/plugin/MavenPluginValidator
Event: 6.085 loading class org/apache/maven/plugin/MavenPluginValidator done
Event: 6.088 Thread 0x0000000002452800 Uncommon trap: trap_request=0xffffff65 fr.pc=0x000000000290afbc
Event: 6.088 Thread 0x0000000002452800 DEOPT PACKING pc=0x000000000290afbc sp=0x000000000244e500
Event: 6.088 Thread 0x0000000002452800 DEOPT UNPACKING pc=0x000000000259582a sp=0x000000000244e448 mode 2
Event: 6.088 Thread 0x0000000002452800 Uncommon trap: trap_request=0xffffff65 fr.pc=0x0000000002869f28
Event: 6.088 Thread 0x0000000002452800 DEOPT PACKING pc=0x0000000002869f28 sp=0x000000000244e4b0
Event: 6.088 Thread 0x0000000002452800 DEOPT UNPACKING pc=0x000000000259582a sp=0x000000000244e450 mode 2
Event: 6.142 Thread 0x0000000002452800 DEOPT PACKING pc=0x00000000026a99da sp=0x000000000244d7a0
Event: 6.142 Thread 0x0000000002452800 DEOPT UNPACKING pc=0x000000000259787f sp=0x000000000244d620 mode 0


Dynamic libraries:
0x00007ff76b080000 - 0x00007ff76b0b7000 	C:\Program Files\Java\jdk1.8.0_101\bin\java.exe
0x00007ffe87600000 - 0x00007ffe877db000 	C:\WINDOWS\SYSTEM32\ntdll.dll
0x00007ffe84b70000 - 0x00007ffe84c1e000 	C:\WINDOWS\System32\KERNEL32.DLL
0x00007ffe83f30000 - 0x00007ffe84179000 	C:\WINDOWS\System32\KERNELBASE.dll
0x00007ffe84cc0000 - 0x00007ffe84d61000 	C:\WINDOWS\System32\ADVAPI32.dll
0x00007ffe84c20000 - 0x00007ffe84cbd000 	C:\WINDOWS\System32\msvcrt.dll
0x00007ffe869e0000 - 0x00007ffe86a39000 	C:\WINDOWS\System32\sechost.dll
0x00007ffe86fc0000 - 0x00007ffe870e5000 	C:\WINDOWS\System32\RPCRT4.dll
0x00007ffe85450000 - 0x00007ffe8559a000 	C:\WINDOWS\System32\USER32.dll
0x00007ffe83c90000 - 0x00007ffe83cae000 	C:\WINDOWS\System32\win32u.dll
0x00007ffe86c20000 - 0x00007ffe86c47000 	C:\WINDOWS\System32\GDI32.dll
0x00007ffe83d50000 - 0x00007ffe83ed7000 	C:\WINDOWS\System32\gdi32full.dll
0x00007ffe83cb0000 - 0x00007ffe83d4a000 	C:\WINDOWS\System32\msvcp_win.dll
0x00007ffe83b20000 - 0x00007ffe83c16000 	C:\WINDOWS\System32\ucrtbase.dll
0x00007ffe75770000 - 0x00007ffe759d7000 	C:\WINDOWS\WinSxS\amd64_microsoft.windows.common-controls_6595b64144ccf1df_6.0.15063.483_none_26002d27e7c744a2\COMCTL32.dll
0x00007ffe85150000 - 0x00007ffe85449000 	C:\WINDOWS\System32\combase.dll
0x00007ffe83c20000 - 0x00007ffe83c8a000 	C:\WINDOWS\System32\bcryptPrimitives.dll
0x00007ffe86eb0000 - 0x00007ffe86edd000 	C:\WINDOWS\System32\IMM32.DLL
0x000000006d900000 - 0x000000006d9d2000 	C:\Program Files\Java\jdk1.8.0_101\jre\bin\msvcr100.dll
0x000000006d060000 - 0x000000006d8fa000 	C:\Program Files\Java\jdk1.8.0_101\jre\bin\server\jvm.dll
0x00007ffe84d70000 - 0x00007ffe84d78000 	C:\WINDOWS\System32\PSAPI.DLL
0x00007ffe808c0000 - 0x00007ffe808c9000 	C:\WINDOWS\SYSTEM32\WSOCK32.dll
0x00007ffe75c50000 - 0x00007ffe75c5a000 	C:\WINDOWS\SYSTEM32\VERSION.dll
0x00007ffe80db0000 - 0x00007ffe80dd3000 	C:\WINDOWS\SYSTEM32\WINMM.dll
0x00007ffe87530000 - 0x00007ffe8759c000 	C:\WINDOWS\System32\WS2_32.dll
0x00007ffe80a20000 - 0x00007ffe80a4b000 	C:\WINDOWS\SYSTEM32\winmmbase.dll
0x00007ffe83ee0000 - 0x00007ffe83f29000 	C:\WINDOWS\System32\cfgmgr32.dll
0x000000006f7f0000 - 0x000000006f7ff000 	C:\Program Files\Java\jdk1.8.0_101\jre\bin\verify.dll
0x000000006f7c0000 - 0x000000006f7e9000 	C:\Program Files\Java\jdk1.8.0_101\jre\bin\java.dll
0x000000006f7a0000 - 0x000000006f7b6000 	C:\Program Files\Java\jdk1.8.0_101\jre\bin\zip.dll
0x00007ffe855a0000 - 0x00007ffe869d6000 	C:\WINDOWS\System32\SHELL32.dll
0x00007ffe84ed0000 - 0x00007ffe84f7a000 	C:\WINDOWS\System32\shcore.dll
0x00007ffe84290000 - 0x00007ffe84981000 	C:\WINDOWS\System32\windows.storage.dll
0x00007ffe875a0000 - 0x00007ffe875f1000 	C:\WINDOWS\System32\shlwapi.dll
0x00007ffe83ae0000 - 0x00007ffe83af1000 	C:\WINDOWS\System32\kernel.appcore.dll
0x00007ffe83a90000 - 0x00007ffe83adc000 	C:\WINDOWS\System32\powrprof.dll
0x00007ffe83a70000 - 0x00007ffe83a85000 	C:\WINDOWS\System32\profapi.dll
0x00007ffe81110000 - 0x00007ffe8111a000 	C:\Program Files (x86)\Apache\Maven\lib\jansi-native\windows64\jansi.dll
0x000000006f780000 - 0x000000006f79a000 	C:\Program Files\Java\jdk1.8.0_101\jre\bin\net.dll
0x00007ffe83320000 - 0x00007ffe8337c000 	C:\WINDOWS\system32\mswsock.dll
0x000000006e130000 - 0x000000006e141000 	C:\Program Files\Java\jdk1.8.0_101\jre\bin\nio.dll

VM Arguments:
jvm_args: -Dclassworlds.conf=C:/Program Files (x86)/Apache/Maven/bin/m2.conf -Dmaven.home=C:/Program Files (x86)/Apache/Maven -Dmaven.multiModuleProjectDirectory=C:/Users/louis/Documents/GitHub/MyResto/javaee7-angular 
java_command: org.codehaus.plexus.classworlds.launcher.Launcher clean install
java_class_path (initial): C:/Program Files (x86)/Apache/Maven/boot/plexus-classworlds-2.5.2.jar
Launcher Type: SUN_STANDARD

Environment Variables:
JAVA_HOME=C:/Program Files/Java/jdk1.8.0_101
PATH=C:\Users\louis\bin;C:\Program Files\Git\mingw64\bin;C:\Program Files\Git\usr\local\bin;C:\Program Files\Git\usr\bin;C:\Program Files\Git\usr\bin;C:\Program Files\Git\mingw64\bin;C:\Program Files\Git\usr\bin;C:\Users\louis\bin;C:\Program Files\Docker\Docker\Resources\bin;C:\Program Files (x86)\NVIDIA Corporation\PhysX\Common;C:\Program Files\Microsoft MPI\Bin;C:\Python27;C:\Python27\Scripts;C:\ProgramData\Oracle\Java\javapath;C:\Program Files (x86)\Intel\iCLS Client;C:\Program Files\Intel\iCLS Client;C:\WINDOWS\system32;C:\WINDOWS;C:\WINDOWS\System32\Wbem;C:\WINDOWS\System32\WindowsPowerShell\v1.0;C:\Program Files (x86)\Intel\Intel(R) Management Engine Components\DAL;C:\Program Files\Intel\Intel(R) Management Engine Components\DAL;C:\Program Files (x86)\Intel\Intel(R) Management Engine Components\IPT;C:\Program Files\Intel\Intel(R) Management Engine Components\IPT;C:\Program Files (x86)\Skype\Phone;C:\Program Files\Microsoft SQL Server\130\Tools\Binn;C:\Program Files\dotnet;C:\Program Files\nodejs;C:\Program Files\Anaconda3;C:\Program Files\Anaconda3\Scripts;C:\Program Files\Anaconda3\Library\bin;C:\Program Files\Git\cmd;C:\Program Files (x86)\GtkSharp\2.12\bin;C:\Program Files (x86)\Yarn\bin;C:\Program Files (x86)\Apache\Maven\bin;C:\Program Files\MySQL\MySQL Utilities 1.6;C:\Users\louis\Anaconda3;C:\Users\louis\Anaconda3\Scripts;C:\Users\louis\Anaconda3\Library\bin;C:\Users\louis\AppData\Roaming\Python\Scripts;C:\Users\louis\AppData\Local\Microsoft\WindowsApps;C:\Users\louis\AppData\Roaming\npm;C:\Program Files (x86)\Microsoft VS Code\bin;C:\Users\louis\AppData\Local\Yarn\bin;C:\Program Files (x86)\Apache\Maven\bin;C:\Program Files\Git\usr\bin\vendor_perl;C:\Program Files\Git\usr\bin\core_perl
USERNAME=louis
SHELL=C:\Program Files\Git\usr\bin\bash
DISPLAY=needs-to-be-defined
OS=Windows_NT
PROCESSOR_IDENTIFIER=Intel64 Family 6 Model 61 Stepping 4, GenuineIntel



---------------  S Y S T E M  ---------------

OS: Windows 10.0 , 64 bit Build 15063 (10.0.15063.296)

CPU:total 4 (2 cores per cpu, 2 threads per core) family 6 model 61 stepping 4, cmov, cx8, fxsr, mmx, sse, sse2, sse3, ssse3, sse4.1, sse4.2, popcnt, avx, avx2, aes, clmul, erms, 3dnowpref, lzcnt, ht, tsc, tscinvbit, bmi1, bmi2, adx

Memory: 4k page, physical 8288980k(694028k free), swap 10241748k(3084k free)

vm_info: Java HotSpot(TM) 64-Bit Server VM (25.101-b13) for windows-amd64 JRE (1.8.0_101-b13), built on Jun 22 2016 01:21:29 by "java_re" with MS VC++ 10.0 (VS2010)

time: Sun Nov 05 19:46:32 2017
elapsed time: 6 seconds (0d 0h 0m 6s)

